 # Message # ElapsedTime # Current Time ( ms )
 # Starting step:INITIALIZE_ACTION of state:prepInstall #  0  # 1628065277611
 # Finished step:INITIALIZE_ACTION of state:prepInstall # 1 # 1628065277612
 # Starting step:EXECUTE of state:prepInstall #  0  # 1628065277617
 # Finished step:EXECUTE of state:prepInstall # 0 # 1628065277617
 # Starting step:VALIDATE_VIEW of state:prepInstall #  0  # 1628065277628
 # Finished step:VALIDATE_VIEW of state:prepInstall # 4 # 1628065277632
 # Starting step:VALIDATE of state:prepInstall #  0  # 1628065277632
 # Finished step:VALIDATE of state:prepInstall # 24 # 1628065277656
 # Starting step:TRANSITION of state:prepInstall #  0  # 1628065277657
 # Finished step:TRANSITION of state:prepInstall # 4 # 1628065277661
 # Starting step:INITIALIZE_ACTION of state:supportedOSCheck #  0  # 1628065277677
 # Finished step:INITIALIZE_ACTION of state:supportedOSCheck # 0 # 1628065277677
 # Starting step:EXECUTE of state:supportedOSCheck #  0  # 1628065277678
 # Finished step:EXECUTE of state:supportedOSCheck # 53 # 1628065277731
 # Starting step:VALIDATE_VIEW of state:supportedOSCheck #  0  # 1628065277733
 # Finished step:VALIDATE_VIEW of state:supportedOSCheck # 1 # 1628065277734
 # Starting step:VALIDATE of state:supportedOSCheck #  0  # 1628065277734
 # Finished step:VALIDATE of state:supportedOSCheck # 6814 # 1628065284548
 # Starting step:TRANSITION of state:supportedOSCheck #  0  # 1628065284548
 # Finished step:TRANSITION of state:supportedOSCheck # 0 # 1628065284548
 # Starting step:INITIALIZE_ACTION of state:mtsDialog #  0  # 1628065284549
 # Finished step:INITIALIZE_ACTION of state:mtsDialog # 0 # 1628065284549
 # Starting step:EXECUTE of state:mtsDialog #  0  # 1628065284549
 # Finished step:EXECUTE of state:mtsDialog # 8697 # 1628065293246
 # Starting step:VALIDATE_VIEW of state:mtsDialog #  0  # 1628065293247
 # Finished step:VALIDATE_VIEW of state:mtsDialog # 0 # 1628065293247
 # Starting step:VALIDATE of state:mtsDialog #  0  # 1628065293247
 # Finished step:VALIDATE of state:mtsDialog # 2 # 1628065293249
 # Starting step:TRANSITION of state:mtsDialog #  0  # 1628065293249
 # Finished step:TRANSITION of state:mtsDialog # 0 # 1628065293249
 # Starting step:INITIALIZE_ACTION of state:installOptions #  0  # 1628065293309
 # Finished step:INITIALIZE_ACTION of state:installOptions # 1 # 1628065293310
 # Starting step:INITIALIZE_VIEW of state:installOptions #  0  # 1628065293312
 # Finished step:INITIALIZE_VIEW of state:installOptions # 0 # 1628065293312
 # Starting step:DISPLAY_VIEW of state:installOptions #  0  # 1628065293312
 # Finished step:DISPLAY_VIEW of state:installOptions # 1 # 1628065293313
 # Starting step:LOAD_VIEW of state:installOptions #  0  # 1628065293313
 # Finished step:LOAD_VIEW of state:installOptions # 0 # 1628065293313
 # Starting step:LOCALIZE_VIEW of state:installOptions #  0  # 1628065293313
 # Finished step:LOCALIZE_VIEW of state:installOptions # 27 # 1628065293340
 # Starting step:EXECUTE of state:installOptions #  0  # 1628065293341
 # Finished step:EXECUTE of state:installOptions # 0 # 1628065293341
 # Starting step:PROCESS_INPUT_FROM_VIEW of state:installOptions #  0  # 1628065298286
 # Finished step:PROCESS_INPUT_FROM_VIEW of state:installOptions # 0 # 1628065298286
 # Starting step:VALIDATE_VIEW of state:installOptions #  0  # 1628065298286
 # Finished step:VALIDATE_VIEW of state:installOptions # 0 # 1628065298286
 # Starting step:VALIDATE of state:installOptions #  0  # 1628065298286
 # Finished step:VALIDATE of state:installOptions # 13 # 1628065298299
 # Starting step:TRANSITION of state:installOptions #  0  # 1628065298299
 # Finished step:TRANSITION of state:installOptions # 1 # 1628065298300
 # Starting step:UNLOAD_VIEW of state:installOptions #  0  # 1628065298301
 # Finished step:UNLOAD_VIEW of state:installOptions # 0 # 1628065298301
 # Starting step:EXECUTE of state:DBImage #  0  # 1628065298314
 # Finished step:EXECUTE of state:DBImage # 0 # 1628065298314
 # Starting step:VALIDATE_VIEW of state:DBImage #  0  # 1628065298316
 # Finished step:VALIDATE_VIEW of state:DBImage # 0 # 1628065298316
 # Starting step:VALIDATE of state:DBImage #  0  # 1628065298316
 # Finished step:VALIDATE of state:DBImage # 9673 # 1628065307989
 # Starting step:PROCESS_INPUT_FROM_VIEW of state:installOptions #  0  # 1628065315369
 # Finished step:PROCESS_INPUT_FROM_VIEW of state:installOptions # 0 # 1628065315369
 # Starting step:VALIDATE_VIEW of state:installOptions #  0  # 1628065315369
 # Finished step:VALIDATE_VIEW of state:installOptions # 0 # 1628065315369
 # Starting step:VALIDATE of state:installOptions #  0  # 1628065315369
 # Finished step:VALIDATE of state:installOptions # 4 # 1628065315373
 # Starting step:TRANSITION of state:installOptions #  0  # 1628065315373
 # Finished step:TRANSITION of state:installOptions # 1 # 1628065315374
 # Starting step:UNLOAD_VIEW of state:installOptions #  0  # 1628065315385
 # Finished step:UNLOAD_VIEW of state:installOptions # 0 # 1628065315385
 # Starting step:EXECUTE of state:DBImage #  0  # 1628065315386
 # Finished step:EXECUTE of state:DBImage # 0 # 1628065315386
 # Starting step:VALIDATE_VIEW of state:DBImage #  0  # 1628065315387
 # Finished step:VALIDATE_VIEW of state:DBImage # 0 # 1628065315387
 # Starting step:VALIDATE of state:DBImage #  0  # 1628065315387
 # Finished step:VALIDATE of state:DBImage # 4636 # 1628065320023
